<?xml version="1.0" encoding="UTF-8"?>
<testsuite xmlns:xsi="http://www.w3.org/2001/XMLSchema-instance" xsi:noNamespaceSchemaLocation="https://maven.apache.org/surefire/maven-surefire-plugin/xsd/surefire-test-report.xsd" name="com.mycompany.introducaojunit5.MathUtilTest" time="0.092" tests="20" errors="0" skipped="0" failures="1">
  <properties>
[...]
</properties>
  <testcase name="testMdc_DiversosResultadoMaior1" classname="com.mycompany.introducaojunit5.MathUtilTest" time="0.02"/>
  <testcase name="testMdc_P12_obtidoadoPrimo" classname="com.mycompany.introducaojunit5.MathUtilTest" time="0"/>
  <testcase name="testNulo" classname="com.mycompany.introducaojunit5.MathUtilTest" time="0.019">
    <failure message="Unexpected exception type thrown ==&gt; expected: &lt;java.lang.NullPointerException&gt; but was: &lt;java.lang.IllegalArgumentException&gt;" type="org.opentest4j.AssertionFailedError"><![CDATA[org.opentest4j.AssertionFailedError: Unexpected exception type thrown ==> expected: <java.lang.NullPointerException> but was: <java.lang.IllegalArgumentException>
	at com.mycompany.introducaojunit5.MathUtilTest.testNulo(MathUtilTest.java:169)
Caused by: java.lang.IllegalArgumentException: Indique ao menos um valor para calcular o mdc!
	at com.mycompany.introducaojunit5.MathUtilTest.lambda$testNulo$1(MathUtilTest.java:169)
	at com.mycompany.introducaojunit5.MathUtilTest.testNulo(MathUtilTest.java:169)
]]></failure>
  </testcase>
  <testcase name="testMdcAParP1" classname="com.mycompany.introducaojunit5.MathUtilTest" time="0.001"/>
  <testcase name="testMdc_obtidoadoIgual1" classname="com.mycompany.introducaojunit5.MathUtilTest" time="0.001"/>
  <testcase name="testMdc_P3_Quando_A_Positivo" classname="com.mycompany.introducaojunit5.MathUtilTest" time="0.002"/>
  <testcase name="testMultiplosValores" classname="com.mycompany.introducaojunit5.MathUtilTest" time="0.001"/>
  <testcase name="testMdc_P3_Quando_A_Negativo" classname="com.mycompany.introducaojunit5.MathUtilTest" time="0"/>
  <testcase name="testMdc_DiversosResultado1" classname="com.mycompany.introducaojunit5.MathUtilTest" time="0.001"/>
  <testcase name="testMdcAImparP1" classname="com.mycompany.introducaojunit5.MathUtilTest" time="0.001"/>
  <testcase name="testMdcParaCasoGeral" classname="com.mycompany.introducaojunit5.MathUtilTest" time="0.001"/>
  <testcase name="testMdc_P12_obtidoadoIgual1" classname="com.mycompany.introducaojunit5.MathUtilTest" time="0.001"/>
  <testcase name="testNenhumParametro" classname="com.mycompany.introducaojunit5.MathUtilTest" time="0.001"/>
  <testcase name="testMdc_P1_Quando_B_Positivo" classname="com.mycompany.introducaojunit5.MathUtilTest" time="0.002"/>
  <testcase name="testMdc_P1_Quando_B_Negativo" classname="com.mycompany.introducaojunit5.MathUtilTest" time="0.001"/>
  <testcase name="testMdc_P4" classname="com.mycompany.introducaojunit5.MathUtilTest" time="0.001"/>
  <testcase name="testMdc_P5" classname="com.mycompany.introducaojunit5.MathUtilTest" time="0.001"/>
  <testcase name="testMdc_P6" classname="com.mycompany.introducaojunit5.MathUtilTest" time="0.001"/>
  <testcase name="testMdc_P7" classname="com.mycompany.introducaojunit5.MathUtilTest" time="0.001"/>
  <testcase name="testMdc_P8" classname="com.mycompany.introducaojunit5.MathUtilTest" time="0.001"/>
</testsuite>